ď»ż
> hstnlx@0.1.0 build
> next build --webpack

Î“Ă»â–“ Next.js 16.1.6 (webpack)
- Environments: .env.local

npm : Î“ĂśĂˇ The "middleware" 
file convention is 
deprecated. Please use 
"proxy" instead. Learn more: h
ttps://nextjs.org/docs/message
s/middleware-to-proxy
At line:1 char:1
+ npm run build > 
build_output.log 2>&1
+ ~~~~~~~~~~~~~~~~~~~~~~~~~~~~
~~~~~~~~~
    + CategoryInfo          : 
    NotSpecified: (Î“ĂśĂˇ The "  
  middle...leware-to-proxy:   
 String) [], RemoteExcepti    
on
    + FullyQualifiedErrorId : 
    NativeCommandError
 
  Creating an optimized production build ...
Î“ÂŁĂ´ Compiled successfully in 14.2s
  Running TypeScript ...
  Collecting page data using 3 workers ...
  Generating static pages using 3 workers (0/37) ...
  Generating static pages using 3 workers (9/37) 
  Generating static pages using 3 workers (18/37) 
  Generating static pages using 3 workers (27/37) 
Î“ÂŁĂ´ Generating static pages using 3 workers (37/37) in 2.6s
  Finalizing page optimization ...
  Collecting build traces ...

Route (app)
Î“Ă¶Ă® Î“ĂąĂŻ /
Î“Ă¶ÂŁ Î“ĂąĂŻ /_not-found
Î“Ă¶ÂŁ Î“ĂąĂŻ /admin
Î“Ă¶ÂŁ Î“ĂąĂŻ /admin/analytics
Î“Ă¶ÂŁ Î“ĂąĂŻ /admin/disputes
Î“Ă¶ÂŁ Î“ĂąĂŻ /admin/marketplace-intelligence
Î“Ă¶ÂŁ Î“ĂąĂŻ /admin/merchants
Î“Ă¶ÂŁ Î“ĂąĂŻ /admin/orders
Î“Ă¶ÂŁ Î“ĂąĂŻ /admin/products
Î“Ă¶ÂŁ Î“ĂąĂŻ /admin/reconciliation
Î“Ă¶ÂŁ Î“ĂąĂŻ /admin/settlements
Î“Ă¶ÂŁ Î“ĂąĂŻ /admin/test-rpc
Î“Ă¶ÂŁ Î“ĂąĂŻ /admin/traffic
Î“Ă¶ÂŁ Î“ĂąĂŻ /admin/users
Î“Ă¶ÂŁ â•žĂ† /api/addresses
Î“Ă¶ÂŁ â•žĂ† /api/addresses/[id]
Î“Ă¶ÂŁ â•žĂ† /api/addresses/[id]/set-default
Î“Ă¶ÂŁ â•žĂ† /api/admin/reconcile-payment
Î“Ă¶ÂŁ â•žĂ† /api/admin/resolve-dispute
Î“Ă¶ÂŁ â•žĂ† /api/create-order
Î“Ă¶ÂŁ â•žĂ† /api/orders
Î“Ă¶ÂŁ â•žĂ† /api/payout
Î“Ă¶ÂŁ â•žĂ† /api/refund
Î“Ă¶ÂŁ â•žĂ† /api/verify-payment
Î“Ă¶ÂŁ â•žĂ† /api/webhook
Î“Ă¶ÂŁ Î“ĂąĂŻ /cart
Î“Ă¶ÂŁ Î“ĂąĂŻ /checkout
Î“Ă¶ÂŁ â•žĂ† /checkout/success
Î“Ă¶ÂŁ Î“ĂąĂŻ /login
Î“Ă¶ÂŁ Î“ĂąĂŻ /orders
Î“Ă¶ÂŁ â•žĂ† /orders/[id]
Î“Ă¶ÂŁ â•žĂ† /orders/dispute/[id]
Î“Ă¶ÂŁ â•žĂ† /product/[id]
Î“Ă¶ÂŁ Î“ĂąĂŻ /products
Î“Ă¶ÂŁ â•žĂ† /products/edit/[id]
Î“Ă¶ÂŁ Î“ĂąĂŻ /profile
Î“Ă¶ÂŁ Î“ĂąĂŻ /profile/addresses
Î“Ă¶ÂŁ Î“ĂąĂŻ /seller-orders
Î“Ă¶ÂŁ â•žĂ† /seller/[id]
Î“Ă¶ÂŁ Î“ĂąĂŻ /seller/dashboard
Î“Ă¶ÂŁ Î“ĂąĂŻ /seller/onboarding
Î“Ă¶ÂŁ Î“ĂąĂŻ /seller/payouts
Î“Ă¶ÂŁ Î“ĂąĂŻ /settings
Î“Ă¶ÂŁ Î“ĂąĂŻ /signup
Î“Ă¶ÂŁ Î“ĂąĂŻ /test-upload
Î“Ă¶ÂŁ Î“ĂąĂŻ /upload
Î“Ă¶Ă¶ Î“ĂąĂŻ /wishlist


â•žĂ† Proxy (Middleware)

Î“ĂąĂŻ  (Static)   prerendered as static content
â•žĂ†  (Dynamic)  server-rendered on demand

